#
# There is insufficient memory for the Java Runtime Environment to continue.
# Native memory allocation (malloc) failed to allocate 1011536 bytes for Chunk::new
# Possible reasons:
#   The system is out of physical RAM or swap space
#   The process is running with CompressedOops enabled, and the Java Heap may be blocking the growth of the native heap
# Possible solutions:
#   Reduce memory load on the system
#   Increase physical memory or swap space
#   Check if swap backing store is full
#   Decrease Java heap size (-Xmx/-Xms)
#   Decrease number of Java threads
#   Decrease Java thread stack sizes (-Xss)
#   Set larger code cache with -XX:ReservedCodeCacheSize=
#   JVM is running with Unscaled Compressed Oops mode in which the Java heap is
#     placed in the first 4GB address space. The Java Heap base address is the
#     maximum limit for the native heap growth. Please use -XX:HeapBaseMinAddress
#     to set the Java Heap base and to place the Java Heap above 4GB virtual address.
# This output file may be truncated or incomplete.
#
#  Out of Memory Error (arena.cpp:189), pid=21836, tid=23316
#
# JRE version: OpenJDK Runtime Environment Temurin-17.0.4+8 (17.0.4+8) (build 17.0.4+8)
# Java VM: OpenJDK 64-Bit Server VM Temurin-17.0.4+8 (17.0.4+8, mixed mode, tiered, compressed oops, compressed class ptrs, g1 gc, windows-amd64)
# No core dump will be written. Minidumps are not enabled by default on client versions of Windows
#

---------------  S U M M A R Y ------------

Command Line: C:\Users\morel\AppData\Local\Temp\surefire12764788340213723548\surefirebooter5002631234466625484.jar C:\Users\morel\AppData\Local\Temp\surefire12764788340213723548 2023-03-23T14-29-37_264-jvmRun1 surefire9159411120863436876tmp surefire_014252189758613629226tmp

Host: Intel(R) Core(TM) i3-10110U CPU @ 2.10GHz, 4 cores, 3G,  Windows 11 , 64 bit Build 22621 (10.0.22621.1344)
Time: Thu Mar 23 14:29:46 2023 Hora estándar de Argentina elapsed time: 8.128285 seconds (0d 0h 0m 8s)

---------------  T H R E A D  ---------------

Current thread (0x00000204e2f4b420):  JavaThread "C2 CompilerThread0" daemon [_thread_in_native, id=23316, stack(0x000000a4a6f00000,0x000000a4a7000000)]


Current CompileTask:
C2:   8128 3396       4       org.springframework.core.ResolvableType::as (86 bytes)

Stack: [0x000000a4a6f00000,0x000000a4a7000000]
Native frames: (J=compiled Java code, j=interpreted, Vv=VM code, C=native code)
V  [jvm.dll+0x67733a]
V  [jvm.dll+0x8323c4]
V  [jvm.dll+0x833b6e]
V  [jvm.dll+0x8341d3]
V  [jvm.dll+0x2455e5]
V  [jvm.dll+0xabd7b]
V  [jvm.dll+0xac30c]
V  [jvm.dll+0x2ac67f]
V  [jvm.dll+0x57dd57]
V  [jvm.dll+0x220702]
V  [jvm.dll+0x219fd2]
V  [jvm.dll+0x2177eb]
V  [jvm.dll+0x1a3f8d]
V  [jvm.dll+0x227308]
V  [jvm.dll+0x225455]
V  [jvm.dll+0x7e7eeb]
V  [jvm.dll+0x7e245a]
V  [jvm.dll+0x6761c5]
C  [ucrtbase.dll+0x29363]
C  [KERNEL32.DLL+0x126bd]
C  [ntdll.dll+0x5a9f8]


---------------  P R O C E S S  ---------------

Threads class SMR info:
_java_thread_list=0x00000204e5e611c0, length=14, elements={
0x00000204cbf2b920, 0x00000204e2edd360, 0x00000204e2ee15e0, 0x00000204e2f2e950,
0x00000204e2f2f210, 0x00000204e2f30270, 0x00000204e2f30c20, 0x00000204e2f4b420,
0x00000204e2f4ce00, 0x00000204e2f51c30, 0x00000204e3a55cf0, 0x00000204e3a79500,
0x00000204e3af3ca0, 0x00000204e3d2c010
}

Java Threads: ( => current thread )
  0x00000204cbf2b920 JavaThread "main" [_thread_in_native, id=18488, stack(0x000000a4a6200000,0x000000a4a6300000)]
  0x00000204e2edd360 JavaThread "Reference Handler" daemon [_thread_blocked, id=15672, stack(0x000000a4a6900000,0x000000a4a6a00000)]
  0x00000204e2ee15e0 JavaThread "Finalizer" daemon [_thread_blocked, id=16740, stack(0x000000a4a6a00000,0x000000a4a6b00000)]
  0x00000204e2f2e950 JavaThread "Signal Dispatcher" daemon [_thread_blocked, id=23912, stack(0x000000a4a6b00000,0x000000a4a6c00000)]
  0x00000204e2f2f210 JavaThread "Attach Listener" daemon [_thread_blocked, id=9756, stack(0x000000a4a6c00000,0x000000a4a6d00000)]
  0x00000204e2f30270 JavaThread "Service Thread" daemon [_thread_blocked, id=19488, stack(0x000000a4a6d00000,0x000000a4a6e00000)]
  0x00000204e2f30c20 JavaThread "Monitor Deflation Thread" daemon [_thread_blocked, id=21384, stack(0x000000a4a6e00000,0x000000a4a6f00000)]
=>0x00000204e2f4b420 JavaThread "C2 CompilerThread0" daemon [_thread_in_native, id=23316, stack(0x000000a4a6f00000,0x000000a4a7000000)]
  0x00000204e2f4ce00 JavaThread "C1 CompilerThread0" daemon [_thread_blocked, id=18864, stack(0x000000a4a7000000,0x000000a4a7100000)]
  0x00000204e2f51c30 JavaThread "Sweeper thread" daemon [_thread_blocked, id=21036, stack(0x000000a4a7100000,0x000000a4a7200000)]
  0x00000204e3a55cf0 JavaThread "Notification Thread" daemon [_thread_blocked, id=17528, stack(0x000000a4a7200000,0x000000a4a7300000)]
  0x00000204e3a79500 JavaThread "Common-Cleaner" daemon [_thread_blocked, id=19604, stack(0x000000a4a7400000,0x000000a4a7500000)]
  0x00000204e3af3ca0 JavaThread "surefire-forkedjvm-command-thread" daemon [_thread_in_native, id=23952, stack(0x000000a4a7500000,0x000000a4a7600000)]
  0x00000204e3d2c010 JavaThread "surefire-forkedjvm-ping-30s" daemon [_thread_blocked, id=23084, stack(0x000000a4a7600000,0x000000a4a7700000)]

Other Threads:
  0x00000204cbfef850 VMThread "VM Thread" [stack: 0x000000a4a6800000,0x000000a4a6900000] [id=20512]
  0x00000204e3a581d0 WatcherThread [stack: 0x000000a4a7300000,0x000000a4a7400000] [id=19076]
  0x00000204cbf670b0 GCTaskThread "GC Thread#0" [stack: 0x000000a4a6300000,0x000000a4a6400000] [id=9016]
  0x00000204e50e0820 GCTaskThread "GC Thread#1" [stack: 0x000000a4a7700000,0x000000a4a7800000] [id=10852]
  0x00000204e50837f0 GCTaskThread "GC Thread#2" [stack: 0x000000a4a7800000,0x000000a4a7900000] [id=4952]
  0x00000204e452ea90 GCTaskThread "GC Thread#3" [stack: 0x000000a4a7900000,0x000000a4a7a00000] [id=10584]
  0x00000204cbf703e0 ConcurrentGCThread "G1 Main Marker" [stack: 0x000000a4a6400000,0x000000a4a6500000] [id=21668]
  0x00000204cbf72440 ConcurrentGCThread "G1 Conc#0" [stack: 0x000000a4a6500000,0x000000a4a6600000] [id=18076]
  0x00000204cbfb2d80 ConcurrentGCThread "G1 Refine#0" [stack: 0x000000a4a6600000,0x000000a4a6700000] [id=14884]
  0x00000204e42c6100 ConcurrentGCThread "G1 Refine#1" [stack: 0x000000a4a7a00000,0x000000a4a7b00000] [id=17628]
  0x00000204cbfb3640 ConcurrentGCThread "G1 Service" [stack: 0x000000a4a6700000,0x000000a4a6800000] [id=7872]

Threads with active compile tasks:
C2 CompilerThread0     8152 3396       4       org.springframework.core.ResolvableType::as (86 bytes)

VM state: not at safepoint (normal execution)

VM Mutex/Monitor currently owned by a thread: None

Heap address: 0x00000000c2c00000, size: 980 MB, Compressed Oops mode: 32-bit

CDS archive(s) not mapped
Compressed class space mapped at: 0x0000000100000000-0x0000000140000000, reserved size: 1073741824
Narrow klass base: 0x0000000000000000, Narrow klass shift: 3, Narrow klass range: 0x140000000

GC Precious Log:
 CPUs: 4 total, 4 available
 Memory: 3919M
 Large Page Support: Disabled
 NUMA Support: Disabled
 Compressed Oops: Enabled (32-bit)
 Heap Region Size: 1M
 Heap Min Capacity: 8M
 Heap Initial Capacity: 62M
 Heap Max Capacity: 980M
 Pre-touch: Disabled
 Parallel Workers: 4
 Concurrent Workers: 1
 Concurrent Refinement Workers: 4
 Periodic GC: Disabled

Heap:
 garbage-first heap   total 58368K, used 24491K [0x00000000c2c00000, 0x0000000100000000)
  region size 1024K, 14 young (14336K), 4 survivors (4096K)
 Metaspace       used 37105K, committed 37312K, reserved 1081344K
  class space    used 4512K, committed 4608K, reserved 1048576K

Heap Regions: E=young(eden), S=young(survivor), O=old, HS=humongous(starts), HC=humongous(continues), CS=collection set, F=free, OA=open archive, CA=closed archive, TAMS=top-at-mark-start (previous, next)
|   0|0x00000000c2c00000, 0x00000000c2d00000, 0x00000000c2d00000|100%|HS|  |TAMS 0x00000000c2d00000, 0x00000000c2c00000| Complete 
|   1|0x00000000c2d00000, 0x00000000c2e00000, 0x00000000c2e00000|100%| O|  |TAMS 0x00000000c2e00000, 0x00000000c2d00000| Untracked 
|   2|0x00000000c2e00000, 0x00000000c2f00000, 0x00000000c2f00000|100%| O|  |TAMS 0x00000000c2f00000, 0x00000000c2e00000| Untracked 
|   3|0x00000000c2f00000, 0x00000000c3000000, 0x00000000c3000000|100%| O|  |TAMS 0x00000000c3000000, 0x00000000c2f00000| Untracked 
|   4|0x00000000c3000000, 0x00000000c3100000, 0x00000000c3100000|100%| O|  |TAMS 0x00000000c3100000, 0x00000000c3000000| Untracked 
|   5|0x00000000c3100000, 0x00000000c3200000, 0x00000000c3200000|100%| O|  |TAMS 0x00000000c3200000, 0x00000000c3100000| Untracked 
|   6|0x00000000c3200000, 0x00000000c3300000, 0x00000000c3300000|100%| O|  |TAMS 0x00000000c3300000, 0x00000000c3200000| Untracked 
|   7|0x00000000c3300000, 0x00000000c330fa00, 0x00000000c3400000|  6%| O|  |TAMS 0x00000000c3300000, 0x00000000c3300000| Complete 
|   8|0x00000000c3400000, 0x00000000c3500000, 0x00000000c3500000|100%| O|  |TAMS 0x00000000c3500000, 0x00000000c3400000| Untracked 
|   9|0x00000000c3500000, 0x00000000c3600000, 0x00000000c3600000|100%| O|  |TAMS 0x00000000c3600000, 0x00000000c3500000| Untracked 
|  10|0x00000000c3600000, 0x00000000c3700000, 0x00000000c3700000|100%| O|  |TAMS 0x00000000c3700000, 0x00000000c3600000| Untracked 
|  11|0x00000000c3700000, 0x00000000c3800000, 0x00000000c3800000|100%| O|  |TAMS 0x00000000c37f1000, 0x00000000c3700000| Untracked 
|  12|0x00000000c3800000, 0x00000000c3800000, 0x00000000c3900000|  0%| F|  |TAMS 0x00000000c3800000, 0x00000000c3800000| Untracked 
|  13|0x00000000c3900000, 0x00000000c3900000, 0x00000000c3a00000|  0%| F|  |TAMS 0x00000000c3900000, 0x00000000c3900000| Untracked 
|  14|0x00000000c3a00000, 0x00000000c3a00000, 0x00000000c3b00000|  0%| F|  |TAMS 0x00000000c3a00000, 0x00000000c3a00000| Untracked 
|  15|0x00000000c3b00000, 0x00000000c3b00000, 0x00000000c3c00000|  0%| F|  |TAMS 0x00000000c3b00000, 0x00000000c3b00000| Untracked 
|  16|0x00000000c3c00000, 0x00000000c3c00000, 0x00000000c3d00000|  0%| F|  |TAMS 0x00000000c3c00000, 0x00000000c3c00000| Untracked 
|  17|0x00000000c3d00000, 0x00000000c3d00000, 0x00000000c3e00000|  0%| F|  |TAMS 0x00000000c3d00000, 0x00000000c3d00000| Untracked 
|  18|0x00000000c3e00000, 0x00000000c3e00000, 0x00000000c3f00000|  0%| F|  |TAMS 0x00000000c3e00000, 0x00000000c3e00000| Untracked 
|  19|0x00000000c3f00000, 0x00000000c3f00000, 0x00000000c4000000|  0%| F|  |TAMS 0x00000000c3f00000, 0x00000000c3f00000| Untracked 
|  20|0x00000000c4000000, 0x00000000c4000000, 0x00000000c4100000|  0%| F|  |TAMS 0x00000000c4000000, 0x00000000c4000000| Untracked 
|  21|0x00000000c4100000, 0x00000000c4100000, 0x00000000c4200000|  0%| F|  |TAMS 0x00000000c4100000, 0x00000000c4100000| Untracked 
|  22|0x00000000c4200000, 0x00000000c4200000, 0x00000000c4300000|  0%| F|  |TAMS 0x00000000c4200000, 0x00000000c4200000| Untracked 
|  23|0x00000000c4300000, 0x00000000c4300000, 0x00000000c4400000|  0%| F|  |TAMS 0x00000000c4300000, 0x00000000c4300000| Untracked 
|  24|0x00000000c4400000, 0x00000000c4400000, 0x00000000c4500000|  0%| F|  |TAMS 0x00000000c4400000, 0x00000000c4400000| Untracked 
|  25|0x00000000c4500000, 0x00000000c4500000, 0x00000000c4600000|  0%| F|  |TAMS 0x00000000c4500000, 0x00000000c4500000| Untracked 
|  26|0x00000000c4600000, 0x00000000c4600000, 0x00000000c4700000|  0%| F|  |TAMS 0x00000000c4600000, 0x00000000c4600000| Untracked 
|  27|0x00000000c4700000, 0x00000000c4700000, 0x00000000c4800000|  0%| F|  |TAMS 0x00000000c4700000, 0x00000000c4700000| Untracked 
|  28|0x00000000c4800000, 0x00000000c4800000, 0x00000000c4900000|  0%| F|  |TAMS 0x00000000c4800000, 0x00000000c4800000| Untracked 
|  29|0x00000000c4900000, 0x00000000c4900000, 0x00000000c4a00000|  0%| F|  |TAMS 0x00000000c4900000, 0x00000000c4900000| Untracked 
|  30|0x00000000c4a00000, 0x00000000c4a00000, 0x00000000c4b00000|  0%| F|  |TAMS 0x00000000c4a00000, 0x00000000c4a00000| Untracked 
|  31|0x00000000c4b00000, 0x00000000c4bdb200, 0x00000000c4c00000| 85%| S|CS|TAMS 0x00000000c4b00000, 0x00000000c4b00000| Complete 
|  32|0x00000000c4c00000, 0x00000000c4d00000, 0x00000000c4d00000|100%| S|CS|TAMS 0x00000000c4c00000, 0x00000000c4c00000| Complete 
|  33|0x00000000c4d00000, 0x00000000c4e00000, 0x00000000c4e00000|100%| S|CS|TAMS 0x00000000c4d00000, 0x00000000c4d00000| Complete 
|  34|0x00000000c4e00000, 0x00000000c4f00000, 0x00000000c4f00000|100%| S|CS|TAMS 0x00000000c4e00000, 0x00000000c4e00000| Complete 
|  35|0x00000000c4f00000, 0x00000000c4f00000, 0x00000000c5000000|  0%| F|  |TAMS 0x00000000c4f00000, 0x00000000c4f00000| Untracked 
|  36|0x00000000c5000000, 0x00000000c5000000, 0x00000000c5100000|  0%| F|  |TAMS 0x00000000c5000000, 0x00000000c5000000| Untracked 
|  37|0x00000000c5100000, 0x00000000c5100000, 0x00000000c5200000|  0%| F|  |TAMS 0x00000000c5100000, 0x00000000c5100000| Untracked 
|  38|0x00000000c5200000, 0x00000000c5200000, 0x00000000c5300000|  0%| F|  |TAMS 0x00000000c5200000, 0x00000000c5200000| Untracked 
|  39|0x00000000c5300000, 0x00000000c5300000, 0x00000000c5400000|  0%| F|  |TAMS 0x00000000c5300000, 0x00000000c5300000| Untracked 
|  40|0x00000000c5400000, 0x00000000c5400000, 0x00000000c5500000|  0%| F|  |TAMS 0x00000000c5400000, 0x00000000c5400000| Untracked 
|  41|0x00000000c5500000, 0x00000000c5500000, 0x00000000c5600000|  0%| F|  |TAMS 0x00000000c5500000, 0x00000000c5500000| Untracked 
|  42|0x00000000c5600000, 0x00000000c5600000, 0x00000000c5700000|  0%| F|  |TAMS 0x00000000c5600000, 0x00000000c5600000| Untracked 
|  43|0x00000000c5700000, 0x00000000c5700000, 0x00000000c5800000|  0%| F|  |TAMS 0x00000000c5700000, 0x00000000c5700000| Untracked 
|  44|0x00000000c5800000, 0x00000000c5800000, 0x00000000c5900000|  0%| F|  |TAMS 0x00000000c5800000, 0x00000000c5800000| Untracked 
|  45|0x00000000c5900000, 0x00000000c5900000, 0x00000000c5a00000|  0%| F|  |TAMS 0x00000000c5900000, 0x00000000c5900000| Untracked 
|  46|0x00000000c5a00000, 0x00000000c5a00000, 0x00000000c5b00000|  0%| F|  |TAMS 0x00000000c5a00000, 0x00000000c5a00000| Untracked 
|  47|0x00000000c5b00000, 0x00000000c5c00000, 0x00000000c5c00000|100%| E|  |TAMS 0x00000000c5b00000, 0x00000000c5b00000| Complete 
|  48|0x00000000c5c00000, 0x00000000c5d00000, 0x00000000c5d00000|100%| E|CS|TAMS 0x00000000c5c00000, 0x00000000c5c00000| Complete 
|  49|0x00000000c5d00000, 0x00000000c5e00000, 0x00000000c5e00000|100%| E|CS|TAMS 0x00000000c5d00000, 0x00000000c5d00000| Complete 
|  50|0x00000000c5e00000, 0x00000000c5f00000, 0x00000000c5f00000|100%| E|CS|TAMS 0x00000000c5e00000, 0x00000000c5e00000| Complete 
|  51|0x00000000c5f00000, 0x00000000c6000000, 0x00000000c6000000|100%| E|CS|TAMS 0x00000000c5f00000, 0x00000000c5f00000| Complete 
|  52|0x00000000c6000000, 0x00000000c6100000, 0x00000000c6100000|100%| E|CS|TAMS 0x00000000c6000000, 0x00000000c6000000| Complete 
|  53|0x00000000c6100000, 0x00000000c6200000, 0x00000000c6200000|100%| E|CS|TAMS 0x00000000c6100000, 0x00000000c6100000| Complete 
|  54|0x00000000c6200000, 0x00000000c6300000, 0x00000000c6300000|100%| E|CS|TAMS 0x00000000c6200000, 0x00000000c6200000| Complete 
|  55|0x00000000c6300000, 0x00000000c6400000, 0x00000000c6400000|100%| E|CS|TAMS 0x00000000c6300000, 0x00000000c6300000| Complete 
|  61|0x00000000c6900000, 0x00000000c6a00000, 0x00000000c6a00000|100%| E|CS|TAMS 0x00000000c6900000, 0x00000000c6900000| Complete 

Card table byte_map: [0x00000204de7e0000,0x00000204de9d0000] _byte_map_base: 0x00000204de1ca000

Marking Bits (Prev, Next): (CMBitMap*) 0x00000204cbf676c0, (CMBitMap*) 0x00000204cbf67700
 Prev Bits: [0x00000204debc0000, 0x00000204dfb10000)
 Next Bits: [0x00000204dfb10000, 0x00000204e0a60000)

Polling page: 0x00000204c9f10000

Metaspace:

Usage:
  Non-class:     31.83 MB used.
      Class:      4.41 MB used.
       Both:     36.24 MB used.

Virtual space:
  Non-class space:       32.00 MB reserved,      31.94 MB (>99%) committed,  4 nodes.
      Class space:        1.00 GB reserved,       4.50 MB ( <1%) committed,  1 nodes.
             Both:        1.03 GB reserved,      36.44 MB (  3%) committed. 

Chunk freelists:
   Non-Class:  80.00 KB
       Class:  3.50 MB
        Both:  3.58 MB

MaxMetaspaceSize: unlimited
CompressedClassSpaceSize: 1.00 GB
Initial GC threshold: 21.00 MB
Current GC threshold: 58.75 MB
CDS: off
MetaspaceReclaimPolicy: balanced
 - commit_granule_bytes: 65536.
 - commit_granule_words: 8192.
 - virtual_space_node_default_size: 1048576.
 - enlarge_chunks_in_place: 1.
 - new_chunks_are_fully_committed: 0.
 - uncommit_free_chunks: 1.
 - use_allocation_guard: 0.
 - handle_deallocations: 1.


Internal statistics:

num_allocs_failed_limit: 6.
num_arena_births: 248.
num_arena_deaths: 0.
num_vsnodes_births: 5.
num_vsnodes_deaths: 0.
num_space_committed: 583.
num_space_uncommitted: 0.
num_chunks_returned_to_freelist: 6.
num_chunks_taken_from_freelist: 1263.
num_chunk_merges: 6.
num_chunk_splits: 871.
num_chunks_enlarged: 701.
num_purges: 0.
num_inconsistent_stats: 0.

CodeHeap 'non-profiled nmethods': size=120000Kb used=1590Kb max_used=1590Kb free=118409Kb
 bounds [0x00000204d70c0000, 0x00000204d7330000, 0x00000204de5f0000]
CodeHeap 'profiled nmethods': size=120000Kb used=7526Kb max_used=7526Kb free=112473Kb
 bounds [0x00000204cfb90000, 0x00000204d02f0000, 0x00000204d70c0000]
CodeHeap 'non-nmethods': size=5760Kb used=1195Kb max_used=1267Kb free=4564Kb
 bounds [0x00000204cf5f0000, 0x00000204cf860000, 0x00000204cfb90000]
 total_blobs=3939 nmethods=3449 adapters=402
 compilation: enabled
              stopped_count=0, restarted_count=0
 full_count=0

Compilation events (20 events):
Event: 8.063 Thread 0x00000204e2f4ce00 3426  s!   3       java.beans.PropertyDescriptor::getWriteMethod (152 bytes)
Event: 8.065 Thread 0x00000204e2f4ce00 nmethod 3426 0x00000204d02c7d10 code [0x00000204d02c80a0, 0x00000204d02c9de8]
Event: 8.065 Thread 0x00000204e2f4ce00 3427       3       java.beans.FeatureDescriptor::getTable (23 bytes)
Event: 8.065 Thread 0x00000204e2f4ce00 nmethod 3427 0x00000204d02ca610 code [0x00000204d02ca7e0, 0x00000204d02caaa8]
Event: 8.067 Thread 0x00000204e2f4ce00 3428  s    3       java.util.Hashtable::put (104 bytes)
Event: 8.067 Thread 0x00000204e2f4ce00 nmethod 3428 0x00000204d02cab90 code [0x00000204d02cada0, 0x00000204d02cb498]
Event: 8.067 Thread 0x00000204e2f4ce00 3429       3       org.springframework.core.ResolvableType::forMethodParameter (40 bytes)
Event: 8.068 Thread 0x00000204e2f4ce00 nmethod 3429 0x00000204d02cb710 code [0x00000204d02cb960, 0x00000204d02cc328]
Event: 8.068 Thread 0x00000204e2f4ce00 3431       3       org.springframework.core.SerializableTypeWrapper::forTypeProvider (191 bytes)
Event: 8.070 Thread 0x00000204e2f4ce00 nmethod 3431 0x00000204d02cc710 code [0x00000204d02ccb20, 0x00000204d02cea98]
Event: 8.070 Thread 0x00000204e2f4ce00 3430       3       java.beans.FeatureDescriptor::<init> (5 bytes)
Event: 8.070 Thread 0x00000204e2f4ce00 nmethod 3430 0x00000204d02cf410 code [0x00000204d02cf5a0, 0x00000204d02cf6f8]
Event: 8.070 Thread 0x00000204e2f4ce00 3432       3       com.sun.beans.introspect.PropertyInfo::is (31 bytes)
Event: 8.071 Thread 0x00000204e2f4ce00 nmethod 3432 0x00000204d02cf790 code [0x00000204d02cf960, 0x00000204d02cff08]
Event: 8.074 Thread 0x00000204e2f4ce00 3433       3       com.sun.beans.util.Cache::getEntryValue (33 bytes)
Event: 8.074 Thread 0x00000204e2f4ce00 nmethod 3433 0x00000204d02d0090 code [0x00000204d02d0260, 0x00000204d02d0638]
Event: 8.091 Thread 0x00000204e2f4ce00 3434       3       org.springframework.core.annotation.AnnotationTypeMapping::access$100 (4 bytes)
Event: 8.091 Thread 0x00000204e2f4ce00 nmethod 3434 0x00000204d02d0810 code [0x00000204d02d09a0, 0x00000204d02d0a98]
Event: 8.094 Thread 0x00000204e2f4ce00 3435       3       com.sun.beans.TypeResolver::resolve (37 bytes)
Event: 8.095 Thread 0x00000204e2f4ce00 nmethod 3435 0x00000204d02d0b10 code [0x00000204d02d0ce0, 0x00000204d02d1108]

GC Heap History (18 events):
Event: 0.804 GC heap before
{Heap before GC invocations=0 (full 0):
 garbage-first heap   total 63488K, used 13312K [0x00000000c2c00000, 0x0000000100000000)
  region size 1024K, 13 young (13312K), 0 survivors (0K)
 Metaspace       used 10747K, committed 10880K, reserved 1064960K
  class space    used 970K, committed 1024K, reserved 1048576K
}
Event: 0.833 GC heap after
{Heap after GC invocations=1 (full 0):
 garbage-first heap   total 63488K, used 7634K [0x00000000c2c00000, 0x0000000100000000)
  region size 1024K, 2 young (2048K), 2 survivors (2048K)
 Metaspace       used 10747K, committed 10880K, reserved 1064960K
  class space    used 970K, committed 1024K, reserved 1048576K
}
Event: 1.232 GC heap before
{Heap before GC invocations=1 (full 0):
 garbage-first heap   total 63488K, used 12754K [0x00000000c2c00000, 0x0000000100000000)
  region size 1024K, 8 young (8192K), 2 survivors (2048K)
 Metaspace       used 12322K, committed 12480K, reserved 1064960K
  class space    used 1195K, committed 1280K, reserved 1048576K
}
Event: 1.237 GC heap after
{Heap after GC invocations=2 (full 0):
 garbage-first heap   total 63488K, used 8050K [0x00000000c2c00000, 0x0000000100000000)
  region size 1024K, 1 young (1024K), 1 survivors (1024K)
 Metaspace       used 12322K, committed 12480K, reserved 1064960K
  class space    used 1195K, committed 1280K, reserved 1048576K
}
Event: 2.235 GC heap before
{Heap before GC invocations=2 (full 0):
 garbage-first heap   total 63488K, used 27506K [0x00000000c2c00000, 0x0000000100000000)
  region size 1024K, 20 young (20480K), 1 survivors (1024K)
 Metaspace       used 17244K, committed 17472K, reserved 1064960K
  class space    used 1828K, committed 1920K, reserved 1048576K
}
Event: 2.240 GC heap after
{Heap after GC invocations=3 (full 0):
 garbage-first heap   total 63488K, used 8986K [0x00000000c2c00000, 0x0000000100000000)
  region size 1024K, 2 young (2048K), 2 survivors (2048K)
 Metaspace       used 17244K, committed 17472K, reserved 1064960K
  class space    used 1828K, committed 1920K, reserved 1048576K
}
Event: 3.047 GC heap before
{Heap before GC invocations=3 (full 0):
 garbage-first heap   total 63488K, used 26394K [0x00000000c2c00000, 0x0000000100000000)
  region size 1024K, 20 young (20480K), 2 survivors (2048K)
 Metaspace       used 21297K, committed 21504K, reserved 1073152K
  class space    used 2401K, committed 2496K, reserved 1048576K
}
Event: 3.052 GC heap after
{Heap after GC invocations=4 (full 0):
 garbage-first heap   total 63488K, used 10273K [0x00000000c2c00000, 0x0000000100000000)
  region size 1024K, 3 young (3072K), 3 survivors (3072K)
 Metaspace       used 21297K, committed 21504K, reserved 1073152K
  class space    used 2401K, committed 2496K, reserved 1048576K
}
Event: 3.606 GC heap before
{Heap before GC invocations=5 (full 0):
 garbage-first heap   total 40960K, used 30753K [0x00000000c2c00000, 0x0000000100000000)
  region size 1024K, 24 young (24576K), 3 survivors (3072K)
 Metaspace       used 25540K, committed 25728K, reserved 1073152K
  class space    used 3050K, committed 3136K, reserved 1048576K
}
Event: 3.613 GC heap after
{Heap after GC invocations=6 (full 0):
 garbage-first heap   total 40960K, used 11444K [0x00000000c2c00000, 0x0000000100000000)
  region size 1024K, 4 young (4096K), 4 survivors (4096K)
 Metaspace       used 25540K, committed 25728K, reserved 1073152K
  class space    used 3050K, committed 3136K, reserved 1048576K
}
Event: 3.654 GC heap before
{Heap before GC invocations=6 (full 0):
 garbage-first heap   total 40960K, used 11444K [0x00000000c2c00000, 0x0000000100000000)
  region size 1024K, 5 young (5120K), 4 survivors (4096K)
 Metaspace       used 25712K, committed 25856K, reserved 1073152K
  class space    used 3072K, committed 3136K, reserved 1048576K
}
Event: 3.660 GC heap after
{Heap after GC invocations=7 (full 0):
 garbage-first heap   total 40960K, used 11806K [0x00000000c2c00000, 0x0000000100000000)
  region size 1024K, 1 young (1024K), 1 survivors (1024K)
 Metaspace       used 25712K, committed 25856K, reserved 1073152K
  class space    used 3072K, committed 3136K, reserved 1048576K
}
Event: 4.434 GC heap before
{Heap before GC invocations=7 (full 0):
 garbage-first heap   total 40960K, used 27166K [0x00000000c2c00000, 0x0000000100000000)
  region size 1024K, 16 young (16384K), 1 survivors (1024K)
 Metaspace       used 29115K, committed 29312K, reserved 1081344K
  class space    used 3434K, committed 3520K, reserved 1048576K
}
Event: 4.436 GC heap after
{Heap after GC invocations=8 (full 0):
 garbage-first heap   total 60416K, used 12024K [0x00000000c2c00000, 0x0000000100000000)
  region size 1024K, 1 young (1024K), 1 survivors (1024K)
 Metaspace       used 29115K, committed 29312K, reserved 1081344K
  class space    used 3434K, committed 3520K, reserved 1048576K
}
Event: 6.358 GC heap before
{Heap before GC invocations=8 (full 0):
 garbage-first heap   total 60416K, used 43768K [0x00000000c2c00000, 0x0000000100000000)
  region size 1024K, 32 young (32768K), 1 survivors (1024K)
 Metaspace       used 32469K, committed 32704K, reserved 1081344K
  class space    used 3868K, committed 3968K, reserved 1048576K
}
Event: 6.363 GC heap after
{Heap after GC invocations=9 (full 0):
 garbage-first heap   total 60416K, used 13841K [0x00000000c2c00000, 0x0000000100000000)
  region size 1024K, 3 young (3072K), 3 survivors (3072K)
 Metaspace       used 32469K, committed 32704K, reserved 1081344K
  class space    used 3868K, committed 3968K, reserved 1048576K
}
Event: 7.648 GC heap before
{Heap before GC invocations=9 (full 0):
 garbage-first heap   total 60416K, used 37393K [0x00000000c2c00000, 0x0000000100000000)
  region size 1024K, 27 young (27648K), 3 survivors (3072K)
 Metaspace       used 35777K, committed 35968K, reserved 1081344K
  class space    used 4315K, committed 4416K, reserved 1048576K
}
Event: 7.658 GC heap after
{Heap after GC invocations=10 (full 0):
 garbage-first heap   total 60416K, used 15275K [0x00000000c2c00000, 0x0000000100000000)
  region size 1024K, 4 young (4096K), 4 survivors (4096K)
 Metaspace       used 35777K, committed 35968K, reserved 1081344K
  class space    used 4315K, committed 4416K, reserved 1048576K
}

Deoptimization events (20 events):
Event: 7.703 Thread 0x00000204cbf2b920 Uncommon trap: trap_request=0xffffff45 fr.pc=0x00000204d722f29c relative=0x000000000000065c
Event: 7.703 Thread 0x00000204cbf2b920 Uncommon trap: reason=unstable_if action=reinterpret pc=0x00000204d722f29c method=org.springframework.beans.factory.support.AbstractBeanFactory.hasInstantiationAwareBeanPostProcessors()Z @ 12 c2
Event: 7.703 Thread 0x00000204cbf2b920 DEOPT PACKING pc=0x00000204d722f29c sp=0x000000a4a62fc240
Event: 7.703 Thread 0x00000204cbf2b920 DEOPT UNPACKING pc=0x00000204cf6423a3 sp=0x000000a4a62fc120 mode 2
Event: 7.798 Thread 0x00000204cbf2b920 Uncommon trap: trap_request=0xffffff45 fr.pc=0x00000204d7225de8 relative=0x0000000000000d68
Event: 7.798 Thread 0x00000204cbf2b920 Uncommon trap: reason=unstable_if action=reinterpret pc=0x00000204d7225de8 method=org.springframework.util.ConcurrentReferenceHashMap$Segment.findInChain(Lorg/springframework/util/ConcurrentReferenceHashMap$Reference;Ljava/lang/Object;I)Lorg/springframewo
Event: 7.798 Thread 0x00000204cbf2b920 DEOPT PACKING pc=0x00000204d7225de8 sp=0x000000a4a62fbf50
Event: 7.798 Thread 0x00000204cbf2b920 DEOPT UNPACKING pc=0x00000204cf6423a3 sp=0x000000a4a62fbe00 mode 2
Event: 7.802 Thread 0x00000204cbf2b920 Uncommon trap: trap_request=0xffffff45 fr.pc=0x00000204d722756c relative=0x000000000000068c
Event: 7.802 Thread 0x00000204cbf2b920 Uncommon trap: reason=unstable_if action=reinterpret pc=0x00000204d722756c method=org.springframework.util.ConcurrentReferenceHashMap$Segment.findInChain(Lorg/springframework/util/ConcurrentReferenceHashMap$Reference;Ljava/lang/Object;I)Lorg/springframewo
Event: 7.802 Thread 0x00000204cbf2b920 DEOPT PACKING pc=0x00000204d722756c sp=0x000000a4a62fbe60
Event: 7.802 Thread 0x00000204cbf2b920 DEOPT UNPACKING pc=0x00000204cf6423a3 sp=0x000000a4a62fbe08 mode 2
Event: 7.874 Thread 0x00000204cbf2b920 Uncommon trap: trap_request=0xffffff45 fr.pc=0x00000204d72146ec relative=0x00000000000001ec
Event: 7.874 Thread 0x00000204cbf2b920 Uncommon trap: reason=unstable_if action=reinterpret pc=0x00000204d72146ec method=org.springframework.beans.factory.support.AbstractBeanFactory.getBeanPostProcessorCache()Lorg/springframework/beans/factory/support/AbstractBeanFactory$BeanPostProcessorCach
Event: 7.874 Thread 0x00000204cbf2b920 DEOPT PACKING pc=0x00000204d72146ec sp=0x000000a4a62fc3b0
Event: 7.874 Thread 0x00000204cbf2b920 DEOPT UNPACKING pc=0x00000204cf6423a3 sp=0x000000a4a62fc350 mode 2
Event: 7.896 Thread 0x00000204cbf2b920 Uncommon trap: trap_request=0xffffff45 fr.pc=0x00000204d72117a0 relative=0x0000000000000b40
Event: 7.896 Thread 0x00000204cbf2b920 Uncommon trap: reason=unstable_if action=reinterpret pc=0x00000204d72117a0 method=org.springframework.beans.factory.support.DefaultSingletonBeanRegistry.getSingleton(Ljava/lang/String;Z)Ljava/lang/Object; @ 20 c2
Event: 7.896 Thread 0x00000204cbf2b920 DEOPT PACKING pc=0x00000204d72117a0 sp=0x000000a4a62fb110
Event: 7.896 Thread 0x00000204cbf2b920 DEOPT UNPACKING pc=0x00000204cf6423a3 sp=0x000000a4a62fb0a8 mode 2

Classes unloaded (0 events):
No events

Classes redefined (0 events):
No events

Internal exceptions (20 events):
Event: 8.049 Thread 0x00000204cbf2b920 Exception <a 'java/lang/ClassNotFoundException'{0x00000000c5c0c0e8}: org.springframework.boot.validation.beanvalidation.MethodValidationExcludeFilter$$Lambda$759/0x000000010047b458Customizer> (0x00000000c5c0c0e8) 
thrown [s\src\hotspot\share\prims\jni.cpp, line 535]
Event: 8.049 Thread 0x00000204cbf2b920 Exception <a 'java/lang/ClassNotFoundException'{0x00000000c5c0cc58}: org.springframework.boot.validation.beanvalidation.MethodValidationExcludeFilter$$Lambda$759/0x000000010047b458Customizer> (0x00000000c5c0cc58) 
thrown [s\src\hotspot\share\prims\jni.cpp, line 535]
Event: 8.052 Thread 0x00000204cbf2b920 Exception <a 'java/lang/ClassNotFoundException'{0x00000000c5c16ea0}: org/springframework/boot/validation/beanvalidation/MethodValidationExcludeFilterCustomizer> (0x00000000c5c16ea0) 
thrown [s\src\hotspot\share\classfile\systemDictionary.cpp, line 256]
Event: 8.055 Thread 0x00000204cbf2b920 Exception <a 'java/lang/NoSuchMethodError'{0x00000000c5c2c0a0}: 'int java.lang.invoke.DirectMethodHandle$Holder.invokeSpecial(java.lang.Object, java.lang.Object, java.lang.Object, java.lang.Object, java.lang.Object)'> (0x00000000c5c2c0a0) 
thrown [s\src\hotspot\share\interpreter\linkResolver.cpp, line 759]
Event: 8.058 Thread 0x00000204cbf2b920 Exception <a 'java/lang/ClassNotFoundException'{0x00000000c5c41860}: java/lang/ObjectCustomizer> (0x00000000c5c41860) 
thrown [s\src\hotspot\share\classfile\systemDictionary.cpp, line 256]
Event: 8.060 Thread 0x00000204cbf2b920 Exception <a 'java/lang/ClassNotFoundException'{0x00000000c5c4b2f0}: org/springframework/aop/framework/ProxyConfigCustomizer> (0x00000000c5c4b2f0) 
thrown [s\src\hotspot\share\classfile\systemDictionary.cpp, line 256]
Event: 8.061 Thread 0x00000204cbf2b920 Exception <a 'java/lang/ClassNotFoundException'{0x00000000c5c589e8}: org/springframework/aop/framework/ProxyProcessorSupportCustomizer> (0x00000000c5c589e8) 
thrown [s\src\hotspot\share\classfile\systemDictionary.cpp, line 256]
Event: 8.062 Thread 0x00000204cbf2b920 Exception <a 'java/lang/ClassNotFoundException'{0x00000000c5c62e18}: org/springframework/aop/framework/AbstractAdvisingBeanPostProcessorCustomizer> (0x00000000c5c62e18) 
thrown [s\src\hotspot\share\classfile\systemDictionary.cpp, line 256]
Event: 8.064 Thread 0x00000204cbf2b920 Exception <a 'java/lang/ClassNotFoundException'{0x00000000c5c6d988}: org/springframework/aop/framework/autoproxy/AbstractBeanFactoryAwareAdvisingPostProcessorCustomizer> (0x00000000c5c6d988) 
thrown [s\src\hotspot\share\classfile\systemDictionary.cpp, line 256]
Event: 8.065 Thread 0x00000204cbf2b920 Exception <a 'java/lang/ClassNotFoundException'{0x00000000c5c77738}: org/springframework/validation/beanvalidation/MethodValidationPostProcessorCustomizer> (0x00000000c5c77738) 
thrown [s\src\hotspot\share\classfile\systemDictionary.cpp, line 256]
Event: 8.066 Thread 0x00000204cbf2b920 Exception <a 'java/lang/ClassNotFoundException'{0x00000000c5c84768}: org/springframework/boot/validation/beanvalidation/FilteredMethodValidationPostProcessorCustomizer> (0x00000000c5c84768) 
thrown [s\src\hotspot\share\classfile\systemDictionary.cpp, line 256]
Event: 8.068 Thread 0x00000204cbf2b920 Exception <a 'java/lang/ClassNotFoundException'{0x00000000c5c99e48}: org/springframework/beans/factory/InitializingBeanCustomizer> (0x00000000c5c99e48) 
thrown [s\src\hotspot\share\classfile\systemDictionary.cpp, line 256]
Event: 8.069 Thread 0x00000204cbf2b920 Exception <a 'java/lang/ClassNotFoundException'{0x00000000c5ca10d0}: org/springframework/beans/factory/BeanFactoryAwareCustomizer> (0x00000000c5ca10d0) 
thrown [s\src\hotspot\share\classfile\systemDictionary.cpp, line 256]
Event: 8.071 Thread 0x00000204cbf2b920 Exception <a 'java/lang/ClassNotFoundException'{0x00000000c5ca8b00}: org/springframework/beans/factory/AwareCustomizer> (0x00000000c5ca8b00) 
thrown [s\src\hotspot\share\classfile\systemDictionary.cpp, line 256]
Event: 8.071 Thread 0x00000204cbf2b920 Exception <a 'java/lang/ClassNotFoundException'{0x00000000c5caf470}: org/springframework/beans/factory/config/BeanPostProcessorCustomizer> (0x00000000c5caf470) 
thrown [s\src\hotspot\share\classfile\systemDictionary.cpp, line 256]
Event: 8.072 Thread 0x00000204cbf2b920 Exception <a 'java/lang/ClassNotFoundException'{0x00000000c5cb6c60}: org/springframework/core/OrderedCustomizer> (0x00000000c5cb6c60) 
thrown [s\src\hotspot\share\classfile\systemDictionary.cpp, line 256]
Event: 8.073 Thread 0x00000204cbf2b920 Exception <a 'java/lang/ClassNotFoundException'{0x00000000c5cbe020}: org/springframework/beans/factory/BeanClassLoaderAwareCustomizer> (0x00000000c5cbe020) 
thrown [s\src\hotspot\share\classfile\systemDictionary.cpp, line 256]
Event: 8.073 Thread 0x00000204cbf2b920 Exception <a 'java/lang/ClassNotFoundException'{0x00000000c5cc53b0}: org/springframework/beans/factory/AwareCustomizer> (0x00000000c5cc53b0) 
thrown [s\src\hotspot\share\classfile\systemDictionary.cpp, line 256]
Event: 8.074 Thread 0x00000204cbf2b920 Exception <a 'java/lang/ClassNotFoundException'{0x00000000c5ccbbf0}: org/springframework/aop/framework/AopInfrastructureBeanCustomizer> (0x00000000c5ccbbf0) 
thrown [s\src\hotspot\share\classfile\systemDictionary.cpp, line 256]
Event: 8.094 Thread 0x00000204cbf2b920 Exception <a 'java/lang/ClassNotFoundException'{0x00000000c5b1e038}: java/lang/ObjectCustomizer> (0x00000000c5b1e038) 
thrown [s\src\hotspot\share\classfile\systemDictionary.cpp, line 256]

VM Operations (20 events):
Event: 7.534 Executing VM operation: HandshakeAllThreads
Event: 7.534 Executing VM operation: HandshakeAllThreads done
Event: 7.543 Executing VM operation: HandshakeAllThreads
Event: 7.543 Executing VM operation: HandshakeAllThreads done
Event: 7.625 Executing VM operation: HandshakeAllThreads
Event: 7.625 Executing VM operation: HandshakeAllThreads done
Event: 7.648 Executing VM operation: CollectForMetadataAllocation
Event: 7.658 Executing VM operation: CollectForMetadataAllocation done
Event: 7.664 Executing VM operation: HandshakeAllThreads
Event: 7.664 Executing VM operation: HandshakeAllThreads done
Event: 7.664 Executing VM operation: HandshakeAllThreads
Event: 7.664 Executing VM operation: HandshakeAllThreads done
Event: 7.666 Executing VM operation: HandshakeAllThreads
Event: 7.666 Executing VM operation: HandshakeAllThreads done
Event: 7.682 Executing VM operation: G1Concurrent
Event: 7.689 Executing VM operation: G1Concurrent done
Event: 7.698 Executing VM operation: G1Concurrent
Event: 7.698 Executing VM operation: G1Concurrent done
Event: 7.829 Executing VM operation: HandshakeAllThreads
Event: 7.829 Executing VM operation: HandshakeAllThreads done

Events (20 events):
Event: 8.047 loading class java/lang/ObjectCustomizer
Event: 8.047 loading class java/lang/ObjectCustomizer done
Event: 8.047 loading class java/lang/ObjectCustomizer
Event: 8.047 loading class java/lang/ObjectCustomizer done
Event: 8.050 loading class com/sun/beans/finder/MethodFinder
Event: 8.050 loading class com/sun/beans/finder/AbstractFinder
Event: 8.050 loading class com/sun/beans/finder/AbstractFinder done
Event: 8.050 loading class com/sun/beans/finder/MethodFinder done
Event: 8.050 loading class com/sun/beans/finder/MethodFinder$1
Event: 8.050 loading class com/sun/beans/finder/MethodFinder$1 done
Event: 8.050 loading class com/sun/beans/finder/FinderUtils
Event: 8.051 loading class com/sun/beans/finder/FinderUtils done
Event: 8.058 loading class java/lang/ObjectCustomizer
Event: 8.058 loading class java/lang/ObjectCustomizer done
Event: 8.058 loading class java/lang/ObjectCustomizer
Event: 8.058 loading class java/lang/ObjectCustomizer done
Event: 8.094 loading class java/lang/ObjectCustomizer
Event: 8.094 loading class java/lang/ObjectCustomizer done
Event: 8.094 loading class java/lang/ObjectCustomizer
Event: 8.094 loading class java/lang/ObjectCustomizer done


Dynamic libraries:
0x00007ff7a02a0000 - 0x00007ff7a02ae000 	C:\Users\morel\.p2\pool\plugins\org.eclipse.justj.openjdk.hotspot.jre.full.win32.x86_64_17.0.4.v20220805-1047\jre\bin\java.exe
0x00007ffed5d30000 - 0x00007ffed5f44000 	C:\WINDOWS\SYSTEM32\ntdll.dll
0x00007ffed47e0000 - 0x00007ffed48a3000 	C:\WINDOWS\System32\KERNEL32.DLL
0x00007ffed3170000 - 0x00007ffed350c000 	C:\WINDOWS\System32\KERNELBASE.dll
0x00007ffed3540000 - 0x00007ffed3651000 	C:\WINDOWS\System32\ucrtbase.dll
0x00007ffeb8660000 - 0x00007ffeb8678000 	C:\Users\morel\.p2\pool\plugins\org.eclipse.justj.openjdk.hotspot.jre.full.win32.x86_64_17.0.4.v20220805-1047\jre\bin\jli.dll
0x00007ffebc470000 - 0x00007ffebc489000 	C:\Users\morel\.p2\pool\plugins\org.eclipse.justj.openjdk.hotspot.jre.full.win32.x86_64_17.0.4.v20220805-1047\jre\bin\VCRUNTIME140.dll
0x00007ffed3f50000 - 0x00007ffed40fd000 	C:\WINDOWS\System32\USER32.dll
0x00007ffed3510000 - 0x00007ffed3536000 	C:\WINDOWS\System32\win32u.dll
0x00007ffed48b0000 - 0x00007ffed48d9000 	C:\WINDOWS\System32\GDI32.dll
0x00007ffeabb20000 - 0x00007ffeabdae000 	C:\WINDOWS\WinSxS\amd64_microsoft.windows.common-controls_6595b64144ccf1df_6.0.22621.608_none_a9444ca7c10bb01d\COMCTL32.dll
0x00007ffed3660000 - 0x00007ffed3773000 	C:\WINDOWS\System32\gdi32full.dll
0x00007ffed42c0000 - 0x00007ffed4367000 	C:\WINDOWS\System32\msvcrt.dll
0x00007ffed37f0000 - 0x00007ffed388a000 	C:\WINDOWS\System32\msvcp_win.dll
0x00007ffed5a80000 - 0x00007ffed5ab1000 	C:\WINDOWS\System32\IMM32.DLL
0x00007ffebc590000 - 0x00007ffebc59c000 	C:\Users\morel\.p2\pool\plugins\org.eclipse.justj.openjdk.hotspot.jre.full.win32.x86_64_17.0.4.v20220805-1047\jre\bin\vcruntime140_1.dll
0x00007ffea04f0000 - 0x00007ffea0581000 	C:\Users\morel\.p2\pool\plugins\org.eclipse.justj.openjdk.hotspot.jre.full.win32.x86_64_17.0.4.v20220805-1047\jre\bin\msvcp140.dll
0x00007ffe7a270000 - 0x00007ffe7aeb6000 	C:\Users\morel\.p2\pool\plugins\org.eclipse.justj.openjdk.hotspot.jre.full.win32.x86_64_17.0.4.v20220805-1047\jre\bin\server\jvm.dll
0x00007ffed59d0000 - 0x00007ffed5a7e000 	C:\WINDOWS\System32\ADVAPI32.dll
0x00007ffed5ac0000 - 0x00007ffed5b64000 	C:\WINDOWS\System32\sechost.dll
0x00007ffed4400000 - 0x00007ffed4515000 	C:\WINDOWS\System32\RPCRT4.dll
0x00007ffed3f40000 - 0x00007ffed3f48000 	C:\WINDOWS\System32\PSAPI.DLL
0x00007ffece610000 - 0x00007ffece619000 	C:\WINDOWS\SYSTEM32\WSOCK32.dll
0x00007ffecb5a0000 - 0x00007ffecb5d4000 	C:\WINDOWS\SYSTEM32\WINMM.dll
0x00007ffed55b0000 - 0x00007ffed5621000 	C:\WINDOWS\System32\WS2_32.dll
0x00007ffecb530000 - 0x00007ffecb53a000 	C:\WINDOWS\SYSTEM32\VERSION.dll
0x00007ffed2270000 - 0x00007ffed2288000 	C:\WINDOWS\SYSTEM32\kernel.appcore.dll
0x00007ffecb2d0000 - 0x00007ffecb2da000 	C:\Users\morel\.p2\pool\plugins\org.eclipse.justj.openjdk.hotspot.jre.full.win32.x86_64_17.0.4.v20220805-1047\jre\bin\jimage.dll
0x00007ffed0c30000 - 0x00007ffed0e5e000 	C:\WINDOWS\SYSTEM32\DBGHELP.DLL
0x00007ffed5640000 - 0x00007ffed59c9000 	C:\WINDOWS\System32\combase.dll
0x00007ffed3e60000 - 0x00007ffed3f37000 	C:\WINDOWS\System32\OLEAUT32.dll
0x00007ffebea60000 - 0x00007ffebea92000 	C:\WINDOWS\SYSTEM32\dbgcore.DLL
0x00007ffed3890000 - 0x00007ffed390b000 	C:\WINDOWS\System32\bcryptPrimitives.dll
0x00007ffebece0000 - 0x00007ffebed05000 	C:\Users\morel\.p2\pool\plugins\org.eclipse.justj.openjdk.hotspot.jre.full.win32.x86_64_17.0.4.v20220805-1047\jre\bin\java.dll
0x00007ffebe270000 - 0x00007ffebe288000 	C:\Users\morel\.p2\pool\plugins\org.eclipse.justj.openjdk.hotspot.jre.full.win32.x86_64_17.0.4.v20220805-1047\jre\bin\zip.dll
0x00007ffed48f0000 - 0x00007ffed50e0000 	C:\WINDOWS\System32\SHELL32.dll
0x00007ffed1140000 - 0x00007ffed1a0e000 	C:\WINDOWS\SYSTEM32\windows.storage.dll
0x00007ffed1000000 - 0x00007ffed113e000 	C:\WINDOWS\SYSTEM32\wintypes.dll
0x00007ffed5b90000 - 0x00007ffed5c81000 	C:\WINDOWS\System32\SHCORE.dll
0x00007ffed5c90000 - 0x00007ffed5cee000 	C:\WINDOWS\System32\shlwapi.dll
0x00007ffed30a0000 - 0x00007ffed30c1000 	C:\WINDOWS\SYSTEM32\profapi.dll
0x00007ffebdef0000 - 0x00007ffebdf09000 	C:\Users\morel\.p2\pool\plugins\org.eclipse.justj.openjdk.hotspot.jre.full.win32.x86_64_17.0.4.v20220805-1047\jre\bin\net.dll
0x00007ffeccdc0000 - 0x00007ffecceef000 	C:\WINDOWS\SYSTEM32\WINHTTP.dll
0x00007ffed26e0000 - 0x00007ffed2749000 	C:\WINDOWS\system32\mswsock.dll
0x00007ffebdec0000 - 0x00007ffebded5000 	C:\Users\morel\.p2\pool\plugins\org.eclipse.justj.openjdk.hotspot.jre.full.win32.x86_64_17.0.4.v20220805-1047\jre\bin\nio.dll
0x00007ffebc460000 - 0x00007ffebc469000 	C:\Users\morel\.p2\pool\plugins\org.eclipse.justj.openjdk.hotspot.jre.full.win32.x86_64_17.0.4.v20220805-1047\jre\bin\management.dll
0x00007ffeb6c00000 - 0x00007ffeb6c0b000 	C:\Users\morel\.p2\pool\plugins\org.eclipse.justj.openjdk.hotspot.jre.full.win32.x86_64_17.0.4.v20220805-1047\jre\bin\management_ext.dll
0x00007ffebdf30000 - 0x00007ffebdf40000 	C:\Users\morel\.p2\pool\plugins\org.eclipse.justj.openjdk.hotspot.jre.full.win32.x86_64_17.0.4.v20220805-1047\jre\bin\verify.dll
0x00007ffea49f0000 - 0x00007ffea4a07000 	C:\WINDOWS\system32\napinsp.dll
0x00007ffea49d0000 - 0x00007ffea49eb000 	C:\WINDOWS\system32\pnrpnsp.dll
0x00007ffed1d00000 - 0x00007ffed1df3000 	C:\WINDOWS\SYSTEM32\DNSAPI.dll
0x00007ffed1cd0000 - 0x00007ffed1cfd000 	C:\WINDOWS\SYSTEM32\IPHLPAPI.DLL
0x00007ffed48e0000 - 0x00007ffed48e9000 	C:\WINDOWS\System32\NSI.dll
0x00007ffea49b0000 - 0x00007ffea49c1000 	C:\WINDOWS\System32\winrnr.dll
0x00007ffea4990000 - 0x00007ffea49a5000 	C:\WINDOWS\system32\wshbth.dll
0x00007ffea4960000 - 0x00007ffea4981000 	C:\WINDOWS\system32\nlansp_c.dll
0x00007ffeb7d10000 - 0x00007ffeb7d1a000 	C:\Windows\System32\rasadhlp.dll
0x00007ffeca650000 - 0x00007ffeca6d3000 	C:\WINDOWS\System32\fwpuclnt.dll

dbghelp: loaded successfully - version: 4.0.5 - missing functions: none
symbol engine: initialized successfully - sym options: 0x614 - pdb path: .;C:\Users\morel\.p2\pool\plugins\org.eclipse.justj.openjdk.hotspot.jre.full.win32.x86_64_17.0.4.v20220805-1047\jre\bin;C:\WINDOWS\SYSTEM32;C:\WINDOWS\WinSxS\amd64_microsoft.windows.common-controls_6595b64144ccf1df_6.0.22621.608_none_a9444ca7c10bb01d;C:\Users\morel\.p2\pool\plugins\org.eclipse.justj.openjdk.hotspot.jre.full.win32.x86_64_17.0.4.v20220805-1047\jre\bin\server

VM Arguments:
java_command: C:\Users\morel\AppData\Local\Temp\surefire12764788340213723548\surefirebooter5002631234466625484.jar C:\Users\morel\AppData\Local\Temp\surefire12764788340213723548 2023-03-23T14-29-37_264-jvmRun1 surefire9159411120863436876tmp surefire_014252189758613629226tmp
java_class_path (initial): C:\Users\morel\AppData\Local\Temp\surefire12764788340213723548\surefirebooter5002631234466625484.jar
Launcher Type: SUN_STANDARD

[Global flags]
     intx CICompilerCount                          = 3                                         {product} {ergonomic}
     uint ConcGCThreads                            = 1                                         {product} {ergonomic}
     uint G1ConcRefinementThreads                  = 4                                         {product} {ergonomic}
   size_t G1HeapRegionSize                         = 1048576                                   {product} {ergonomic}
    uintx GCDrainStackTargetSize                   = 64                                        {product} {ergonomic}
   size_t InitialHeapSize                          = 65011712                                  {product} {ergonomic}
   size_t MarkStackSize                            = 4194304                                   {product} {ergonomic}
   size_t MaxHeapSize                              = 1027604480                                {product} {ergonomic}
   size_t MaxNewSize                               = 616562688                                 {product} {ergonomic}
   size_t MinHeapDeltaBytes                        = 1048576                                   {product} {ergonomic}
   size_t MinHeapSize                              = 8388608                                   {product} {ergonomic}
    uintx NonNMethodCodeHeapSize                   = 5832780                                {pd product} {ergonomic}
    uintx NonProfiledCodeHeapSize                  = 122912730                              {pd product} {ergonomic}
    uintx ProfiledCodeHeapSize                     = 122912730                              {pd product} {ergonomic}
    uintx ReservedCodeCacheSize                    = 251658240                              {pd product} {ergonomic}
     bool SegmentedCodeCache                       = true                                      {product} {ergonomic}
   size_t SoftMaxHeapSize                          = 1027604480                             {manageable} {ergonomic}
     bool UseCompressedClassPointers               = true                           {product lp64_product} {ergonomic}
     bool UseCompressedOops                        = true                           {product lp64_product} {ergonomic}
     bool UseG1GC                                  = true                                      {product} {ergonomic}
     bool UseLargePagesIndividualAllocation        = false                                  {pd product} {ergonomic}

Logging:
Log output configuration:
 #0: stdout all=warning uptime,level,tags
 #1: stderr all=off uptime,level,tags

Environment Variables:
PATH=C:/Users/morel/.p2/pool/plugins/org.eclipse.justj.openjdk.hotspot.jre.full.win32.x86_64_17.0.4.v20220805-1047/jre/bin/server;C:/Users/morel/.p2/pool/plugins/org.eclipse.justj.openjdk.hotspot.jre.full.win32.x86_64_17.0.4.v20220805-1047/jre/bin;C:\Program Files\Eclipse Adoptium\jdk-17.0.2.8-hotspot\bin;C:\Program Files\Eclipse Adoptium\jdk-11.0.14.101-hotspot\bin;C:\WINDOWS\system32;C:\WINDOWS;C:\WINDOWS\System32\Wbem;C:\WINDOWS\System32\WindowsPowerShell\v1.0\;C:\WINDOWS\System32\OpenSSH\;C:\Program Files\Git\cmd;C:\maven\bin;C:\Program Files\dotnet\;C:\Program Files\Microsoft SQL Server\130\Tools\Binn\;C:\Program Files\Microsoft SQL Server\Client SDK\ODBC\170\Tools\Binn\;C:\Program Files (x86)\dotnet\;C:\Program Files\Microsoft SQL Server\120\Tools\Binn\;C:\Program Files\Microsoft SQL Server\Client SDK\ODBC\110\Tools\Binn\;C:\Program Files (x86)\Microsoft SQL Server\120\Tools\Binn\;C:\Program Files\Microsoft SQL Server\120\DTS\Binn\;C:\Program Files (x86)\Microsoft SQL Server\120\Tools\Binn\ManagementStudio\;C:\Program Files (x86)\Microsoft SQL Server\120\DTS\Binn\;C:\Program Files\nodejs\;C:\WINDOWS\system32;C:\WINDOWS;C:\WINDOWS\System32\Wbem;C:\WINDOWS\System32\WindowsPowerShell\v1.0\;C:\WINDOWS\System32\OpenSSH\;C:\Program Files\Docker\Docker\resources\bin;C:\Program Files\MySQL\MySQL Shell 8.0\bin\;C:\Users\morel\AppData\Local\Microsoft\WindowsApps;C:\Users\morel\AppData\Local\Programs\Microsoft VS Code\bin;C:\Users\morel\.dotnet\tools;C:\Users\morel\AppData\Roaming\npm;C:\Users\morel\AppData\Local\GitHubDesktop\bin;;C:\Users\morel\OneDrive\Escritorio;
USERNAME=morel
OS=Windows_NT
PROCESSOR_IDENTIFIER=Intel64 Family 6 Model 142 Stepping 12, GenuineIntel
TMP=C:\Users\morel\AppData\Local\Temp
TEMP=C:\Users\morel\AppData\Local\Temp



---------------  S Y S T E M  ---------------

OS:
 Windows 11 , 64 bit Build 22621 (10.0.22621.1344)
OS uptime: 0 days 17:10 hours
Hyper-V role detected

CPU: total 4 (initial active 4) (2 cores per cpu, 2 threads per core) family 6 model 142 stepping 12 microcode 0xec, cx8, cmov, fxsr, ht, mmx, 3dnowpref, sse, sse2, sse3, ssse3, sse4.1, sse4.2, popcnt, lzcnt, tsc, tscinvbit, avx, avx2, aes, erms, clmul, bmi1, bmi2, adx, fma, vzeroupper, clflush, clflushopt, hv

Memory: 4k page, system-wide physical 3919M (301M free)
TotalPageFile size 15695M (AvailPageFile size 134M)
current process WorkingSet (physical memory assigned to process): 175M, peak: 175M
current process commit charge ("private bytes"): 201M, peak: 202M

vm_info: OpenJDK 64-Bit Server VM (17.0.4+8) for windows-amd64 JRE (17.0.4+8), built on Jul 19 2022 16:05:16 by "temurin" with MS VC++ 16.7 (VS2019)

END.
